<?xml version="1.0" encoding="UTF-8"?>
<!-- Generated by org.testng.reporters.JUnitXMLReporter -->
<testsuite hostname="DESKTOP-GAEG9SK" name="PostDeploySanityTest" tests="33" failures="0" timestamp="16 Jul 2020 06:46:04 GMT" time="619.23" errors="0">
  <testcase name="RIPC_Login" time="20.093" classname="sanityTestMain_US.CreateRequest_US"/>
  <testcase name="Create_Req" time="27.503" classname="sanityTestMain_US.CreateRequest_US"/>
  <testcase name="skill_Req" time="2.74" classname="sanityTestMain_US.CreateRequest_US"/>
  <testcase name="select_Req" time="14.024" classname="sanityTestMain_US.CreateRequest_US"/>
  <testcase name="select_jrss" time="11.207" classname="sanityTestMain_US.CreateRequest_US"/>
  <testcase name="req_detail" time="17.509" classname="sanityTestMain_US.CreateRequest_US"/>
  <testcase name="skill_loc" time="18.869" classname="sanityTestMain_US.CreateRequest_US"/>
  <testcase name="alert_check" time="0.011" classname="sanityTestMain_US.CreateRequest_US"/>
  <testcase name="skill_price" time="6.612" classname="sanityTestMain_US.CreateRequest_US"/>
  <testcase name="supp" time="31.765" classname="sanityTestMain_US.CreateRequest_US"/>
  <testcase name="submitRequest" time="24.921" classname="sanityTestMain_US.CreateRequest_US"/>
  <testcase name="RIPC_Login" time="17.375" classname="sanityTestMain_GB.CreateRequest_GB"/>
  <testcase name="Create_Req" time="30.805" classname="sanityTestMain_GB.CreateRequest_GB"/>
  <testcase name="skill_Req" time="5.257" classname="sanityTestMain_GB.CreateRequest_GB"/>
  <testcase name="select_Req" time="5.713" classname="sanityTestMain_GB.CreateRequest_GB"/>
  <testcase name="select_jrss" time="17.028" classname="sanityTestMain_GB.CreateRequest_GB"/>
  <testcase name="req_detail" time="22.871" classname="sanityTestMain_GB.CreateRequest_GB"/>
  <testcase name="skill_loc" time="16.584" classname="sanityTestMain_GB.CreateRequest_GB"/>
  <testcase name="alert_check" time="0.011" classname="sanityTestMain_GB.CreateRequest_GB"/>
  <testcase name="skill_price" time="11.035" classname="sanityTestMain_GB.CreateRequest_GB"/>
  <testcase name="supp" time="28.322" classname="sanityTestMain_GB.CreateRequest_GB"/>
  <testcase name="submitRequest" time="25.062" classname="sanityTestMain_GB.CreateRequest_GB"/>
  <testcase name="RIPC_Login" time="18.329" classname="sanityTestMain_IN.CreateRequest_IN"/>
  <testcase name="Create_Req" time="26.125" classname="sanityTestMain_IN.CreateRequest_IN"/>
  <testcase name="skill_Req" time="2.979" classname="sanityTestMain_IN.CreateRequest_IN"/>
  <testcase name="select_Req" time="19.948" classname="sanityTestMain_IN.CreateRequest_IN"/>
  <testcase name="select_jrss" time="6.245" classname="sanityTestMain_IN.CreateRequest_IN"/>
  <testcase name="req_detail" time="33.778" classname="sanityTestMain_IN.CreateRequest_IN"/>
  <testcase name="skill_loc" time="21.371" classname="sanityTestMain_IN.CreateRequest_IN"/>
  <testcase name="alert_check" time="0.018" classname="sanityTestMain_IN.CreateRequest_IN"/>
  <testcase name="skill_price" time="6.343" classname="sanityTestMain_IN.CreateRequest_IN"/>
  <testcase name="supp" time="34.563" classname="sanityTestMain_IN.CreateRequest_IN"/>
  <testcase name="submitRequest" time="28.672" classname="sanityTestMain_IN.CreateRequest_IN"/>
</testsuite> <!-- PostDeploySanityTest -->
