<?xml version="1.0" encoding="UTF-8"?>
<!-- Generated by org.testng.reporters.JUnitXMLReporter -->
<testsuite hostname="DESKTOP-GAEG9SK" name="PostDeploySanityTest" tests="33" failures="0" timestamp="6 Jul 2020 15:08:52 GMT" time="904.82" errors="0">
  <testcase name="RIPC_Login" time="19.552" classname="sanityTestMain_US.CreateRequest_US"/>
  <testcase name="Create_Req" time="46.755" classname="sanityTestMain_US.CreateRequest_US"/>
  <testcase name="skill_Req" time="5.903" classname="sanityTestMain_US.CreateRequest_US"/>
  <testcase name="select_Req" time="5.576" classname="sanityTestMain_US.CreateRequest_US"/>
  <testcase name="select_jrss" time="109.758" classname="sanityTestMain_US.CreateRequest_US"/>
  <testcase name="req_detail" time="23.715" classname="sanityTestMain_US.CreateRequest_US"/>
  <testcase name="skill_loc" time="12.999" classname="sanityTestMain_US.CreateRequest_US"/>
  <testcase name="alert_check" time="0.024" classname="sanityTestMain_US.CreateRequest_US"/>
  <testcase name="skill_price" time="6.38" classname="sanityTestMain_US.CreateRequest_US"/>
  <testcase name="supp" time="17.728" classname="sanityTestMain_US.CreateRequest_US"/>
  <testcase name="submitRequest" time="12.508" classname="sanityTestMain_US.CreateRequest_US"/>
  <testcase name="RIPC_Login" time="16.686" classname="sanityTestMain_GB.CreateRequest_GB"/>
  <testcase name="Create_Req" time="45.118" classname="sanityTestMain_GB.CreateRequest_GB"/>
  <testcase name="skill_Req" time="6.097" classname="sanityTestMain_GB.CreateRequest_GB"/>
  <testcase name="select_Req" time="5.881" classname="sanityTestMain_GB.CreateRequest_GB"/>
  <testcase name="select_jrss" time="140.904" classname="sanityTestMain_GB.CreateRequest_GB"/>
  <testcase name="req_detail" time="21.572" classname="sanityTestMain_GB.CreateRequest_GB"/>
  <testcase name="skill_loc" time="15.41" classname="sanityTestMain_GB.CreateRequest_GB"/>
  <testcase name="alert_check" time="0.011" classname="sanityTestMain_GB.CreateRequest_GB"/>
  <testcase name="skill_price" time="11.01" classname="sanityTestMain_GB.CreateRequest_GB"/>
  <testcase name="supp" time="23.799" classname="sanityTestMain_GB.CreateRequest_GB"/>
  <testcase name="submitRequest" time="31.368" classname="sanityTestMain_GB.CreateRequest_GB"/>
  <testcase name="RIPC_Login" time="20.255" classname="sanityTestMain_IN.CreateRequest_IN"/>
  <testcase name="Create_Req" time="67.017" classname="sanityTestMain_IN.CreateRequest_IN"/>
  <testcase name="skill_Req" time="5.512" classname="sanityTestMain_IN.CreateRequest_IN"/>
  <testcase name="select_Req" time="14.432" classname="sanityTestMain_IN.CreateRequest_IN"/>
  <testcase name="select_jrss" time="13.067" classname="sanityTestMain_IN.CreateRequest_IN"/>
  <testcase name="req_detail" time="29.865" classname="sanityTestMain_IN.CreateRequest_IN"/>
  <testcase name="skill_loc" time="27.875" classname="sanityTestMain_IN.CreateRequest_IN"/>
  <testcase name="alert_check" time="0.016" classname="sanityTestMain_IN.CreateRequest_IN"/>
  <testcase name="skill_price" time="19.876" classname="sanityTestMain_IN.CreateRequest_IN"/>
  <testcase name="supp" time="28.547" classname="sanityTestMain_IN.CreateRequest_IN"/>
  <testcase name="submitRequest" time="26.563" classname="sanityTestMain_IN.CreateRequest_IN"/>
</testsuite> <!-- PostDeploySanityTest -->
